<?xml version="1.0" encoding="UTF-8"?>
<coverage generated="1777220049099" clover="3.2.0">
  <project timestamp="1777220049099" name="All files">
    <metrics statements="192" coveredstatements="177" conditionals="89" coveredconditionals="62" methods="44" coveredmethods="40" elements="325" coveredelements="279" complexity="0" loc="192" ncloc="192" packages="1" files="2" classes="2"/>
    <file name="Simulation.ts" path="C:\Users\User\OneDrive\Documents\TakeHomeAssignment\festival\src\logic\Simulation.ts">
      <metrics statements="174" coveredstatements="164" conditionals="89" coveredconditionals="62" methods="40" coveredmethods="39"/>
      <line num="8" count="1" type="stmt"/>
      <line num="12" count="1" type="stmt"/>
      <line num="18" count="1" type="stmt"/>
      <line num="27" count="1" type="stmt"/>
      <line num="33" count="1" type="stmt"/>
      <line num="34" count="1" type="stmt"/>
      <line num="39" count="1" type="stmt"/>
      <line num="40" count="1" type="stmt"/>
      <line num="41" count="1" type="stmt"/>
      <line num="42" count="1" type="stmt"/>
      <line num="43" count="1" type="stmt"/>
      <line num="46" count="38" type="cond" truecount="1" falsecount="1"/>
      <line num="47" count="38" type="cond" truecount="1" falsecount="1"/>
      <line num="48" count="38" type="stmt"/>
      <line num="52" count="1" type="stmt"/>
      <line num="60" count="142" type="cond" truecount="2" falsecount="0"/>
      <line num="68" count="19" type="stmt"/>
      <line num="69" count="19" type="stmt"/>
      <line num="70" count="19" type="stmt"/>
      <line num="71" count="19" type="stmt"/>
      <line num="72" count="19" type="stmt"/>
      <line num="76" count="19" type="stmt"/>
      <line num="78" count="19" type="stmt"/>
      <line num="79" count="71" type="stmt"/>
      <line num="80" count="71" type="cond" truecount="3" falsecount="1"/>
      <line num="85" count="19" type="stmt"/>
      <line num="86" count="71" type="stmt"/>
      <line num="87" count="71" type="cond" truecount="1" falsecount="1"/>
      <line num="90" count="19" type="stmt"/>
      <line num="91" count="71" type="stmt"/>
      <line num="92" count="71" type="stmt"/>
      <line num="93" count="42" type="cond" truecount="2" falsecount="0"/>
      <line num="96" count="71" type="cond" truecount="2" falsecount="0"/>
      <line num="98" count="14" type="stmt"/>
      <line num="99" count="14" type="stmt"/>
      <line num="101" count="14" type="stmt"/>
      <line num="102" count="14" type="stmt"/>
      <line num="103" count="14" type="stmt"/>
      <line num="108" count="14" type="stmt"/>
      <line num="116" count="14" type="stmt"/>
      <line num="119" count="19" type="stmt"/>
      <line num="120" count="71" type="stmt"/>
      <line num="124" count="19" type="stmt"/>
      <line num="135" count="19" type="stmt"/>
      <line num="137" count="19" type="stmt"/>
      <line num="147" count="19" type="stmt"/>
      <line num="148" count="19" type="stmt"/>
      <line num="149" count="19" type="stmt"/>
      <line num="150" count="19" type="cond" truecount="2" falsecount="0"/>
      <line num="151" count="19" type="stmt"/>
      <line num="152" count="19" type="stmt"/>
      <line num="160" count="19" type="stmt"/>
      <line num="161" count="19" type="stmt"/>
      <line num="162" count="19" type="stmt"/>
      <line num="172" count="19" type="stmt"/>
      <line num="173" count="19" type="stmt"/>
      <line num="174" count="19" type="stmt"/>
      <line num="175" count="19" type="stmt"/>
      <line num="176" count="19" type="stmt"/>
      <line num="177" count="19" type="stmt"/>
      <line num="191" count="19" type="stmt"/>
      <line num="193" count="71" type="stmt"/>
      <line num="198" count="19" type="stmt"/>
      <line num="199" count="71" type="cond" truecount="1" falsecount="1"/>
      <line num="200" count="71" type="cond" truecount="2" falsecount="0"/>
      <line num="204" count="71" type="stmt"/>
      <line num="205" count="3" type="stmt"/>
      <line num="206" count="3" type="stmt"/>
      <line num="207" count="3" type="stmt"/>
      <line num="212" count="71" type="stmt"/>
      <line num="215" count="19" type="stmt"/>
      <line num="216" count="1" type="stmt"/>
      <line num="220" count="19" type="stmt"/>
      <line num="232" count="19" type="stmt"/>
      <line num="233" count="19" type="stmt"/>
      <line num="234" count="19" type="stmt"/>
      <line num="236" count="19" type="stmt"/>
      <line num="238" count="19" type="cond" truecount="2" falsecount="0"/>
      <line num="241" count="19" type="stmt"/>
      <line num="244" count="19" type="stmt"/>
      <line num="245" count="3" type="stmt"/>
      <line num="254" count="19" type="stmt"/>
      <line num="255" count="0" type="stmt"/>
      <line num="261" count="0" type="cond" truecount="0" falsecount="2"/>
      <line num="262" count="0" type="stmt"/>
      <line num="271" count="19" type="stmt"/>
      <line num="272" count="14" type="stmt"/>
      <line num="276" count="19" type="stmt"/>
      <line num="277" count="5" type="stmt"/>
      <line num="278" count="5" type="stmt"/>
      <line num="279" count="15" type="stmt"/>
      <line num="280" count="15" type="stmt"/>
      <line num="285" count="19" type="stmt"/>
      <line num="286" count="1" type="cond" truecount="1" falsecount="1"/>
      <line num="287" count="0" type="stmt"/>
      <line num="290" count="0" type="stmt"/>
      <line num="293" count="1" type="cond" truecount="1" falsecount="1"/>
      <line num="294" count="1" type="stmt"/>
      <line num="295" count="1" type="stmt"/>
      <line num="298" count="0" type="stmt"/>
      <line num="302" count="19" type="stmt"/>
      <line num="303" count="1" type="stmt"/>
      <line num="308" count="1" type="stmt"/>
      <line num="309" count="1" type="stmt"/>
      <line num="310" count="1" type="stmt"/>
      <line num="313" count="19" type="stmt"/>
      <line num="315" count="71" type="cond" truecount="1" falsecount="1"/>
      <line num="316" count="71" type="cond" truecount="2" falsecount="0"/>
      <line num="320" count="71" type="stmt"/>
      <line num="327" count="19" type="stmt"/>
      <line num="331" count="19" type="cond" truecount="5" falsecount="0"/>
      <line num="337" count="19" type="cond" truecount="2" falsecount="0"/>
      <line num="339" count="24" type="stmt"/>
      <line num="341" count="7" type="stmt"/>
      <line num="345" count="19" type="cond" truecount="1" falsecount="1"/>
      <line num="347" count="19" type="stmt"/>
      <line num="358" count="19" type="stmt"/>
      <line num="359" count="19" type="stmt"/>
      <line num="361" count="19" type="stmt"/>
      <line num="362" count="1" type="stmt"/>
      <line num="365" count="19" type="stmt"/>
      <line num="366" count="1" type="cond" truecount="1" falsecount="1"/>
      <line num="367" count="0" type="stmt"/>
      <line num="368" count="0" type="stmt"/>
      <line num="371" count="1" type="stmt"/>
      <line num="374" count="19" type="cond" truecount="1" falsecount="1"/>
      <line num="375" count="0" type="stmt"/>
      <line num="379" count="19" type="stmt"/>
      <line num="380" count="5" type="stmt"/>
      <line num="383" count="19" type="stmt"/>
      <line num="392" count="19" type="stmt"/>
      <line num="396" count="19" type="stmt"/>
      <line num="397" count="19" type="stmt"/>
      <line num="398" count="19" type="stmt"/>
      <line num="400" count="19" type="cond" truecount="1" falsecount="1"/>
      <line num="401" count="19" type="cond" truecount="1" falsecount="1"/>
      <line num="402" count="19" type="cond" truecount="2" falsecount="0"/>
      <line num="403" count="15" type="cond" truecount="2" falsecount="0"/>
      <line num="404" count="10" type="cond" truecount="1" falsecount="1"/>
      <line num="405" count="10" type="cond" truecount="1" falsecount="1"/>
      <line num="406" count="0" type="stmt"/>
      <line num="409" count="1" type="stmt"/>
      <line num="414" count="19" type="stmt"/>
      <line num="415" count="19" type="stmt"/>
      <line num="416" count="71" type="stmt"/>
      <line num="417" count="71" type="cond" truecount="3" falsecount="1"/>
      <line num="419" count="19" type="stmt"/>
      <line num="420" count="71" type="stmt"/>
      <line num="421" count="71" type="cond" truecount="1" falsecount="1"/>
      <line num="426" count="19" type="stmt"/>
      <line num="427" count="19" type="stmt"/>
      <line num="428" count="19" type="stmt"/>
      <line num="429" count="1" type="stmt"/>
      <line num="432" count="19" type="stmt"/>
      <line num="434" count="19" type="cond" truecount="2" falsecount="0"/>
      <line num="439" count="19" type="stmt"/>
      <line num="440" count="19" type="stmt"/>
      <line num="442" count="19" type="stmt"/>
      <line num="443" count="19" type="stmt"/>
      <line num="446" count="19" type="stmt"/>
      <line num="448" count="19" type="stmt"/>
      <line num="455" count="19" type="stmt"/>
      <line num="460" count="19" type="stmt"/>
      <line num="468" count="19" type="stmt"/>
      <line num="474" count="19" type="stmt"/>
      <line num="480" count="19" type="stmt"/>
      <line num="489" count="19" type="stmt"/>
      <line num="491" count="19" type="stmt"/>
      <line num="492" count="19" type="stmt"/>
      <line num="498" count="19" type="stmt"/>
      <line num="500" count="19" type="stmt"/>
      <line num="502" count="19" type="stmt"/>
      <line num="504" count="19" type="cond" truecount="3" falsecount="1"/>
      <line num="512" count="19" type="stmt"/>
    </file>
    <file name="StageTiers.ts" path="C:\Users\User\OneDrive\Documents\TakeHomeAssignment\festival\src\logic\StageTiers.ts">
      <metrics statements="18" coveredstatements="13" conditionals="0" coveredconditionals="0" methods="4" coveredmethods="1"/>
      <line num="18" count="1" type="stmt"/>
      <line num="52" count="1" type="stmt"/>
      <line num="57" count="1" type="stmt"/>
      <line num="58" count="0" type="stmt"/>
      <line num="68" count="1" type="stmt"/>
      <line num="72" count="1" type="stmt"/>
      <line num="73" count="1" type="stmt"/>
      <line num="77" count="1" type="stmt"/>
      <line num="80" count="1" type="stmt"/>
      <line num="82" count="1" type="stmt"/>
      <line num="83" count="1" type="stmt"/>
      <line num="85" count="1" type="stmt"/>
      <line num="99" count="1" type="stmt"/>
      <line num="105" count="0" type="stmt"/>
      <line num="106" count="0" type="stmt"/>
      <line num="112" count="1" type="stmt"/>
      <line num="113" count="0" type="stmt"/>
      <line num="114" count="0" type="stmt"/>
    </file>
  </project>
</coverage>
