{"C:\\Users\\User\\OneDrive\\Documents\\TakeHomeAssignment\\festival\\src\\logic\\Simulation.ts": {"path":"C:\\Users\\User\\OneDrive\\Documents\\TakeHomeAssignment\\festival\\src\\logic\\Simulation.ts","statementMap":{"0":{"start":{"line":409,"column":0},"end":{"line":409,"column":16}},"1":{"start":{"line":8,"column":0},"end":{"line":8,"column":57}},"2":{"start":{"line":12,"column":63},"end":{"line":16,"column":2}},"3":{"start":{"line":18,"column":72},"end":{"line":22,"column":2}},"4":{"start":{"line":27,"column":4},"end":{"line":31,"column":2}},"5":{"start":{"line":33,"column":31},"end":{"line":33,"column":36}},"6":{"start":{"line":34,"column":70},"end":{"line":38,"column":2}},"7":{"start":{"line":39,"column":50},"end":{"line":39,"column":53}},"8":{"start":{"line":40,"column":49},"end":{"line":40,"column":50}},"9":{"start":{"line":41,"column":40},"end":{"line":41,"column":41}},"10":{"start":{"line":42,"column":37},"end":{"line":42,"column":38}},"11":{"start":{"line":43,"column":41},"end":{"line":43,"column":44}},"12":{"start":{"line":46,"column":2},"end":{"line":46,"column":37}},"13":{"start":{"line":46,"column":22},"end":{"line":46,"column":37}},"14":{"start":{"line":47,"column":2},"end":{"line":47,"column":39}},"15":{"start":{"line":47,"column":23},"end":{"line":47,"column":39}},"16":{"start":{"line":48,"column":2},"end":{"line":48,"column":17}},"17":{"start":{"line":52,"column":23},"end":{"line":57,"column":11}},"18":{"start":{"line":60,"column":2},"end":{"line":60,"column":54}},"19":{"start":{"line":68,"column":19},"end":{"line":68,"column":43}},"20":{"start":{"line":69,"column":22},"end":{"line":69,"column":63}},"21":{"start":{"line":70,"column":31},"end":{"line":70,"column":76}},"22":{"start":{"line":71,"column":30},"end":{"line":71,"column":32}},"23":{"start":{"line":72,"column":28},"end":{"line":74,"column":null}},"24":{"start":{"line":76,"column":24},"end":{"line":76,"column":70}},"25":{"start":{"line":78,"column":27},"end":{"line":83,"column":4}},"26":{"start":{"line":79,"column":26},"end":{"line":79,"column":54}},"27":{"start":{"line":80,"column":4},"end":{"line":82,"column":28}},"28":{"start":{"line":85,"column":23},"end":{"line":88,"column":4}},"29":{"start":{"line":86,"column":20},"end":{"line":86,"column":49}},"30":{"start":{"line":87,"column":4},"end":{"line":87,"column":30}},"31":{"start":{"line":90,"column":26},"end":{"line":117,"column":4}},"32":{"start":{"line":91,"column":27},"end":{"line":91,"column":36}},"33":{"start":{"line":92,"column":26},"end":{"line":93,"column":null}},"34":{"start":{"line":93,"column":18},"end":{"line":93,"column":65}},"35":{"start":{"line":96,"column":4},"end":{"line":96,"column":45}},"36":{"start":{"line":96,"column":36},"end":{"line":96,"column":45}},"37":{"start":{"line":98,"column":20},"end":{"line":98,"column":74}},"38":{"start":{"line":98,"column":57},"end":{"line":98,"column":69}},"39":{"start":{"line":99,"column":33},"end":{"line":99,"column":40}},"40":{"start":{"line":101,"column":31},"end":{"line":101,"column":54}},"41":{"start":{"line":102,"column":30},"end":{"line":102,"column":76}},"42":{"start":{"line":103,"column":28},"end":{"line":105,"column":null}},"43":{"start":{"line":108,"column":22},"end":{"line":113,"column":null}},"44":{"start":{"line":116,"column":4},"end":{"line":116,"column":46}},"45":{"start":{"line":119,"column":30},"end":{"line":121,"column":null}},"46":{"start":{"line":120,"column":51},"end":{"line":120,"column":70}},"47":{"start":{"line":124,"column":2},"end":{"line":127,"column":4}},"48":{"start":{"line":135,"column":26},"end":{"line":135,"column":66}},"49":{"start":{"line":137,"column":2},"end":{"line":137,"column":48}},"50":{"start":{"line":147,"column":14},"end":{"line":147,"column":17}},"51":{"start":{"line":148,"column":2},"end":{"line":148,"column":44}},"52":{"start":{"line":149,"column":2},"end":{"line":149,"column":64}},"53":{"start":{"line":150,"column":2},"end":{"line":150,"column":38}},"54":{"start":{"line":150,"column":26},"end":{"line":150,"column":38}},"55":{"start":{"line":151,"column":2},"end":{"line":151,"column":33}},"56":{"start":{"line":152,"column":2},"end":{"line":152,"column":29}},"57":{"start":{"line":160,"column":24},"end":{"line":160,"column":46}},"58":{"start":{"line":161,"column":22},"end":{"line":161,"column":42}},"59":{"start":{"line":162,"column":2},"end":{"line":162,"column":62}},"60":{"start":{"line":172,"column":14},"end":{"line":172,"column":17}},"61":{"start":{"line":173,"column":2},"end":{"line":173,"column":25}},"62":{"start":{"line":174,"column":2},"end":{"line":174,"column":27}},"63":{"start":{"line":175,"column":2},"end":{"line":175,"column":44}},"64":{"start":{"line":176,"column":2},"end":{"line":176,"column":33}},"65":{"start":{"line":177,"column":2},"end":{"line":177,"column":44}},"66":{"start":{"line":191,"column":24},"end":{"line":195,"column":null}},"67":{"start":{"line":193,"column":6},"end":{"line":194,"column":75}},"68":{"start":{"line":198,"column":24},"end":{"line":213,"column":7}},"69":{"start":{"line":199,"column":20},"end":{"line":199,"column":50}},"70":{"start":{"line":200,"column":37},"end":{"line":202,"column":9}},"71":{"start":{"line":204,"column":29},"end":{"line":210,"column":9}},"72":{"start":{"line":205,"column":31},"end":{"line":205,"column":71}},"73":{"start":{"line":206,"column":22},"end":{"line":206,"column":43}},"74":{"start":{"line":207,"column":6},"end":{"line":209,"column":8}},"75":{"start":{"line":212,"column":4},"end":{"line":212,"column":34}},"76":{"start":{"line":215,"column":29},"end":{"line":217,"column":null}},"77":{"start":{"line":216,"column":22},"end":{"line":216,"column":42}},"78":{"start":{"line":220,"column":2},"end":{"line":220,"column":62}},"79":{"start":{"line":232,"column":13},"end":{"line":232,"column":14}},"80":{"start":{"line":233,"column":29},"end":{"line":233,"column":30}},"81":{"start":{"line":234,"column":21},"end":{"line":234,"column":22}},"82":{"start":{"line":236,"column":24},"end":{"line":236,"column":62}},"83":{"start":{"line":238,"column":4},"end":{"line":240,"column":9}},"84":{"start":{"line":241,"column":37},"end":{"line":241,"column":65}},"85":{"start":{"line":244,"column":2},"end":{"line":251,"column":5}},"86":{"start":{"line":245,"column":4},"end":{"line":250,"column":24}},"87":{"start":{"line":254,"column":2},"end":{"line":268,"column":5}},"88":{"start":{"line":255,"column":4},"end":{"line":260,"column":24}},"89":{"start":{"line":261,"column":4},"end":{"line":267,"column":5}},"90":{"start":{"line":262,"column":6},"end":{"line":266,"column":20}},"91":{"start":{"line":271,"column":2},"end":{"line":273,"column":5}},"92":{"start":{"line":272,"column":4},"end":{"line":272,"column":27}},"93":{"start":{"line":276,"column":2},"end":{"line":282,"column":5}},"94":{"start":{"line":277,"column":21},"end":{"line":277,"column":74}},"95":{"start":{"line":278,"column":4},"end":{"line":281,"column":7}},"96":{"start":{"line":279,"column":32},"end":{"line":279,"column":67}},"97":{"start":{"line":280,"column":6},"end":{"line":280,"column":43}},"98":{"start":{"line":285,"column":2},"end":{"line":299,"column":5}},"99":{"start":{"line":286,"column":4},"end":{"line":291,"column":5}},"100":{"start":{"line":287,"column":6},"end":{"line":289,"column":20}},"101":{"start":{"line":290,"column":6},"end":{"line":290,"column":13}},"102":{"start":{"line":293,"column":4},"end":{"line":296,"column":5}},"103":{"start":{"line":294,"column":6},"end":{"line":294,"column":53}},"104":{"start":{"line":295,"column":6},"end":{"line":295,"column":13}},"105":{"start":{"line":298,"column":4},"end":{"line":298,"column":56}},"106":{"start":{"line":302,"column":2},"end":{"line":311,"column":5}},"107":{"start":{"line":303,"column":26},"end":{"line":305,"column":null}},"108":{"start":{"line":308,"column":4},"end":{"line":308,"column":24}},"109":{"start":{"line":309,"column":4},"end":{"line":309,"column":33}},"110":{"start":{"line":310,"column":4},"end":{"line":310,"column":17}},"111":{"start":{"line":313,"column":27},"end":{"line":325,"column":null}},"112":{"start":{"line":315,"column":22},"end":{"line":315,"column":52}},"113":{"start":{"line":316,"column":37},"end":{"line":318,"column":11}},"114":{"start":{"line":320,"column":6},"end":{"line":323,"column":8}},"115":{"start":{"line":327,"column":2},"end":{"line":327,"column":27}},"116":{"start":{"line":331,"column":4},"end":{"line":335,"column":29}},"117":{"start":{"line":337,"column":2},"end":{"line":342,"column":3}},"118":{"start":{"line":339,"column":6},"end":{"line":340,"column":30}},"119":{"start":{"line":339,"column":53},"end":{"line":339,"column":72}},"120":{"start":{"line":341,"column":4},"end":{"line":341,"column":68}},"121":{"start":{"line":345,"column":4},"end":{"line":345,"column":60}},"122":{"start":{"line":347,"column":2},"end":{"line":353,"column":4}},"123":{"start":{"line":358,"column":14},"end":{"line":358,"column":15}},"124":{"start":{"line":359,"column":24},"end":{"line":359,"column":62}},"125":{"start":{"line":361,"column":2},"end":{"line":363,"column":5}},"126":{"start":{"line":362,"column":4},"end":{"line":362,"column":29}},"127":{"start":{"line":365,"column":2},"end":{"line":372,"column":5}},"128":{"start":{"line":366,"column":4},"end":{"line":369,"column":5}},"129":{"start":{"line":367,"column":6},"end":{"line":367,"column":63}},"130":{"start":{"line":368,"column":6},"end":{"line":368,"column":13}},"131":{"start":{"line":371,"column":4},"end":{"line":371,"column":31}},"132":{"start":{"line":374,"column":2},"end":{"line":376,"column":3}},"133":{"start":{"line":375,"column":4},"end":{"line":375,"column":36}},"134":{"start":{"line":379,"column":2},"end":{"line":381,"column":5}},"135":{"start":{"line":380,"column":4},"end":{"line":380,"column":36}},"136":{"start":{"line":383,"column":2},"end":{"line":383,"column":27}},"137":{"start":{"line":392,"column":22},"end":{"line":394,"column":null}},"138":{"start":{"line":396,"column":28},"end":{"line":396,"column":53}},"139":{"start":{"line":397,"column":22},"end":{"line":397,"column":47}},"140":{"start":{"line":398,"column":16},"end":{"line":398,"column":61}},"141":{"start":{"line":400,"column":2},"end":{"line":400,"column":31}},"142":{"start":{"line":400,"column":19},"end":{"line":400,"column":31}},"143":{"start":{"line":401,"column":2},"end":{"line":401,"column":30}},"144":{"start":{"line":401,"column":19},"end":{"line":401,"column":30}},"145":{"start":{"line":402,"column":2},"end":{"line":402,"column":31}},"146":{"start":{"line":402,"column":19},"end":{"line":402,"column":31}},"147":{"start":{"line":403,"column":2},"end":{"line":403,"column":30}},"148":{"start":{"line":403,"column":19},"end":{"line":403,"column":30}},"149":{"start":{"line":404,"column":2},"end":{"line":404,"column":30}},"150":{"start":{"line":404,"column":19},"end":{"line":404,"column":30}},"151":{"start":{"line":405,"column":2},"end":{"line":405,"column":30}},"152":{"start":{"line":405,"column":19},"end":{"line":405,"column":30}},"153":{"start":{"line":406,"column":2},"end":{"line":406,"column":13}},"154":{"start":{"line":414,"column":22},"end":{"line":414,"column":63}},"155":{"start":{"line":415,"column":27},"end":{"line":418,"column":4}},"156":{"start":{"line":416,"column":18},"end":{"line":416,"column":46}},"157":{"start":{"line":417,"column":4},"end":{"line":417,"column":63}},"158":{"start":{"line":419,"column":23},"end":{"line":422,"column":4}},"159":{"start":{"line":420,"column":20},"end":{"line":420,"column":49}},"160":{"start":{"line":421,"column":4},"end":{"line":421,"column":52}},"161":{"start":{"line":426,"column":4},"end":{"line":426,"column":42}},"162":{"start":{"line":427,"column":28},"end":{"line":427,"column":59}},"163":{"start":{"line":428,"column":29},"end":{"line":430,"column":null}},"164":{"start":{"line":429,"column":20},"end":{"line":429,"column":40}},"165":{"start":{"line":432,"column":28},"end":{"line":432,"column":79}},"166":{"start":{"line":434,"column":4},"end":{"line":436,"column":9}},"167":{"start":{"line":439,"column":23},"end":{"line":439,"column":77}},"168":{"start":{"line":439,"column":57},"end":{"line":439,"column":73}},"169":{"start":{"line":440,"column":25},"end":{"line":440,"column":74}},"170":{"start":{"line":442,"column":21},"end":{"line":442,"column":76}},"171":{"start":{"line":442,"column":56},"end":{"line":442,"column":72}},"172":{"start":{"line":443,"column":21},"end":{"line":443,"column":76}},"173":{"start":{"line":446,"column":4},"end":{"line":446,"column":72}},"174":{"start":{"line":446,"column":38},"end":{"line":446,"column":54}},"175":{"start":{"line":448,"column":28},"end":{"line":452,"column":null}},"176":{"start":{"line":455,"column":28},"end":{"line":457,"column":null}},"177":{"start":{"line":460,"column":23},"end":{"line":464,"column":null}},"178":{"start":{"line":468,"column":63},"end":{"line":472,"column":null}},"179":{"start":{"line":474,"column":23},"end":{"line":474,"column":73}},"180":{"start":{"line":480,"column":6},"end":{"line":486,"column":null}},"181":{"start":{"line":489,"column":16},"end":{"line":489,"column":38}},"182":{"start":{"line":491,"column":20},"end":{"line":491,"column":52}},"183":{"start":{"line":492,"column":23},"end":{"line":493,"column":null}},"184":{"start":{"line":498,"column":25},"end":{"line":498,"column":48}},"185":{"start":{"line":500,"column":24},"end":{"line":500,"column":72}},"186":{"start":{"line":502,"column":16},"end":{"line":502,"column":71}},"187":{"start":{"line":504,"column":4},"end":{"line":510,"column":54}},"188":{"start":{"line":512,"column":2},"end":{"line":534,"column":4}}},"fnMap":{"0":{"name":"getEventSizeTier","decl":{"start":{"line":45,"column":9},"end":{"line":45,"column":25}},"loc":{"start":{"line":45,"column":44},"end":{"line":49,"column":1}}},"1":{"name":"isAdverseWeather","decl":{"start":{"line":59,"column":9},"end":{"line":59,"column":25}},"loc":{"start":{"line":59,"column":51},"end":{"line":61,"column":1}}},"2":{"name":"calculateAttendance","decl":{"start":{"line":64,"column":9},"end":{"line":64,"column":28}},"loc":{"start":{"line":66,"column":32},"end":{"line":128,"column":1}}},"3":{"name":"(anonymous_3)","decl":{"start":{"line":78,"column":63},"end":{"line":78,"column":64}},"loc":{"start":{"line":78,"column":76},"end":{"line":83,"column":3}}},"4":{"name":"(anonymous_4)","decl":{"start":{"line":85,"column":59},"end":{"line":85,"column":60}},"loc":{"start":{"line":85,"column":72},"end":{"line":88,"column":3}}},"5":{"name":"(anonymous_5)","decl":{"start":{"line":90,"column":62},"end":{"line":90,"column":63}},"loc":{"start":{"line":90,"column":75},"end":{"line":117,"column":3}}},"6":{"name":"(anonymous_6)","decl":{"start":{"line":93,"column":6},"end":{"line":93,"column":7}},"loc":{"start":{"line":93,"column":18},"end":{"line":93,"column":65}}},"7":{"name":"(anonymous_7)","decl":{"start":{"line":98,"column":50},"end":{"line":98,"column":51}},"loc":{"start":{"line":98,"column":57},"end":{"line":98,"column":69}}},"8":{"name":"(anonymous_8)","decl":{"start":{"line":120,"column":27},"end":{"line":120,"column":28}},"loc":{"start":{"line":120,"column":51},"end":{"line":120,"column":70}}},"9":{"name":"calculateToiletWaitTime","decl":{"start":{"line":131,"column":9},"end":{"line":131,"column":32}},"loc":{"start":{"line":133,"column":24},"end":{"line":138,"column":1}}},"10":{"name":"calculateCrowdSatisfaction","decl":{"start":{"line":141,"column":9},"end":{"line":141,"column":35}},"loc":{"start":{"line":145,"column":31},"end":{"line":153,"column":1}}},"11":{"name":"calculateSecurityIncidents","decl":{"start":{"line":156,"column":9},"end":{"line":156,"column":35}},"loc":{"start":{"line":158,"column":20},"end":{"line":163,"column":1}}},"12":{"name":"calculateSafetyRating","decl":{"start":{"line":166,"column":9},"end":{"line":166,"column":30}},"loc":{"start":{"line":170,"column":31},"end":{"line":178,"column":1}}},"13":{"name":"calculateRevenue","decl":{"start":{"line":181,"column":9},"end":{"line":181,"column":25}},"loc":{"start":{"line":185,"column":24},"end":{"line":221,"column":1}}},"14":{"name":"(anonymous_14)","decl":{"start":{"line":192,"column":4},"end":{"line":192,"column":5}},"loc":{"start":{"line":193,"column":6},"end":{"line":194,"column":75}}},"15":{"name":"(anonymous_15)","decl":{"start":{"line":198,"column":47},"end":{"line":198,"column":48}},"loc":{"start":{"line":198,"column":77},"end":{"line":213,"column":3}}},"16":{"name":"(anonymous_16)","decl":{"start":{"line":204,"column":51},"end":{"line":204,"column":52}},"loc":{"start":{"line":204,"column":70},"end":{"line":210,"column":5}}},"17":{"name":"(anonymous_17)","decl":{"start":{"line":216,"column":4},"end":{"line":216,"column":5}},"loc":{"start":{"line":216,"column":22},"end":{"line":216,"column":42}}},"18":{"name":"calculateOPEX","decl":{"start":{"line":224,"column":9},"end":{"line":224,"column":22}},"loc":{"start":{"line":230,"column":25},"end":{"line":354,"column":1}}},"19":{"name":"(anonymous_19)","decl":{"start":{"line":244,"column":26},"end":{"line":244,"column":27}},"loc":{"start":{"line":244,"column":36},"end":{"line":251,"column":3}}},"20":{"name":"(anonymous_20)","decl":{"start":{"line":254,"column":30},"end":{"line":254,"column":31}},"loc":{"start":{"line":254,"column":40},"end":{"line":268,"column":3}}},"21":{"name":"(anonymous_21)","decl":{"start":{"line":271,"column":25},"end":{"line":271,"column":26}},"loc":{"start":{"line":271,"column":36},"end":{"line":273,"column":3}}},"22":{"name":"(anonymous_22)","decl":{"start":{"line":276,"column":25},"end":{"line":276,"column":26}},"loc":{"start":{"line":276,"column":36},"end":{"line":282,"column":3}}},"23":{"name":"(anonymous_23)","decl":{"start":{"line":278,"column":25},"end":{"line":278,"column":26}},"loc":{"start":{"line":278,"column":37},"end":{"line":281,"column":5}}},"24":{"name":"(anonymous_24)","decl":{"start":{"line":285,"column":27},"end":{"line":285,"column":28}},"loc":{"start":{"line":285,"column":39},"end":{"line":299,"column":3}}},"25":{"name":"(anonymous_25)","decl":{"start":{"line":302,"column":24},"end":{"line":302,"column":25}},"loc":{"start":{"line":302,"column":34},"end":{"line":311,"column":3}}},"26":{"name":"(anonymous_26)","decl":{"start":{"line":314,"column":4},"end":{"line":314,"column":5}},"loc":{"start":{"line":314,"column":34},"end":{"line":324,"column":5}}},"27":{"name":"(anonymous_27)","decl":{"start":{"line":339,"column":29},"end":{"line":339,"column":30}},"loc":{"start":{"line":339,"column":53},"end":{"line":339,"column":72}}},"28":{"name":"calculateCAPEX","decl":{"start":{"line":357,"column":9},"end":{"line":357,"column":23}},"loc":{"start":{"line":357,"column":46},"end":{"line":384,"column":1}}},"29":{"name":"(anonymous_29)","decl":{"start":{"line":361,"column":24},"end":{"line":361,"column":25}},"loc":{"start":{"line":361,"column":34},"end":{"line":363,"column":3}}},"30":{"name":"(anonymous_30)","decl":{"start":{"line":365,"column":27},"end":{"line":365,"column":28}},"loc":{"start":{"line":365,"column":39},"end":{"line":372,"column":3}}},"31":{"name":"(anonymous_31)","decl":{"start":{"line":379,"column":25},"end":{"line":379,"column":26}},"loc":{"start":{"line":379,"column":36},"end":{"line":381,"column":3}}},"32":{"name":"assignGrade","decl":{"start":{"line":387,"column":9},"end":{"line":387,"column":20}},"loc":{"start":{"line":390,"column":22},"end":{"line":407,"column":1}}},"33":{"name":"simulateFestival","decl":{"start":{"line":409,"column":16},"end":{"line":409,"column":32}},"loc":{"start":{"line":412,"column":47},"end":{"line":535,"column":1}}},"34":{"name":"(anonymous_34)","decl":{"start":{"line":415,"column":63},"end":{"line":415,"column":64}},"loc":{"start":{"line":415,"column":76},"end":{"line":418,"column":3}}},"35":{"name":"(anonymous_35)","decl":{"start":{"line":419,"column":59},"end":{"line":419,"column":60}},"loc":{"start":{"line":419,"column":72},"end":{"line":422,"column":3}}},"36":{"name":"(anonymous_36)","decl":{"start":{"line":429,"column":4},"end":{"line":429,"column":5}},"loc":{"start":{"line":429,"column":20},"end":{"line":429,"column":40}}},"37":{"name":"(anonymous_37)","decl":{"start":{"line":439,"column":45},"end":{"line":439,"column":46}},"loc":{"start":{"line":439,"column":57},"end":{"line":439,"column":73}}},"38":{"name":"(anonymous_38)","decl":{"start":{"line":442,"column":44},"end":{"line":442,"column":45}},"loc":{"start":{"line":442,"column":56},"end":{"line":442,"column":72}}},"39":{"name":"(anonymous_39)","decl":{"start":{"line":446,"column":26},"end":{"line":446,"column":27}},"loc":{"start":{"line":446,"column":38},"end":{"line":446,"column":54}}}},"branchMap":{"0":{"loc":{"start":{"line":46,"column":2},"end":{"line":46,"column":37}},"type":"if","locations":[{"start":{"line":46,"column":2},"end":{"line":46,"column":37}},{"start":{},"end":{}}]},"1":{"loc":{"start":{"line":47,"column":2},"end":{"line":47,"column":39}},"type":"if","locations":[{"start":{"line":47,"column":2},"end":{"line":47,"column":39}},{"start":{},"end":{}}]},"2":{"loc":{"start":{"line":60,"column":9},"end":{"line":60,"column":53}},"type":"binary-expr","locations":[{"start":{"line":60,"column":9},"end":{"line":60,"column":28}},{"start":{"line":60,"column":32},"end":{"line":60,"column":53}}]},"3":{"loc":{"start":{"line":80,"column":11},"end":{"line":82,"column":27}},"type":"cond-expr","locations":[{"start":{"line":81,"column":8},"end":{"line":81,"column":21}},{"start":{"line":82,"column":8},"end":{"line":82,"column":27}}]},"4":{"loc":{"start":{"line":80,"column":11},"end":{"line":80,"column":65}},"type":"binary-expr","locations":[{"start":{"line":80,"column":11},"end":{"line":80,"column":44}},{"start":{"line":80,"column":48},"end":{"line":80,"column":65}}]},"5":{"loc":{"start":{"line":87,"column":11},"end":{"line":87,"column":29}},"type":"binary-expr","locations":[{"start":{"line":87,"column":11},"end":{"line":87,"column":18}},{"start":{"line":87,"column":22},"end":{"line":87,"column":29}}]},"6":{"loc":{"start":{"line":93,"column":19},"end":{"line":93,"column":45}},"type":"binary-expr","locations":[{"start":{"line":93,"column":19},"end":{"line":93,"column":40}},{"start":{"line":93,"column":44},"end":{"line":93,"column":45}}]},"7":{"loc":{"start":{"line":96,"column":4},"end":{"line":96,"column":45}},"type":"if","locations":[{"start":{"line":96,"column":4},"end":{"line":96,"column":45}},{"start":{},"end":{}}]},"8":{"loc":{"start":{"line":150,"column":2},"end":{"line":150,"column":38}},"type":"if","locations":[{"start":{"line":150,"column":2},"end":{"line":150,"column":38}},{"start":{},"end":{}}]},"9":{"loc":{"start":{"line":194,"column":23},"end":{"line":194,"column":74}},"type":"binary-expr","locations":[{"start":{"line":194,"column":23},"end":{"line":194,"column":46}},{"start":{"line":194,"column":50},"end":{"line":194,"column":69}},{"start":{"line":194,"column":73},"end":{"line":194,"column":74}}]},"10":{"loc":{"start":{"line":199,"column":20},"end":{"line":199,"column":50}},"type":"binary-expr","locations":[{"start":{"line":199,"column":20},"end":{"line":199,"column":39}},{"start":{"line":199,"column":43},"end":{"line":199,"column":50}}]},"11":{"loc":{"start":{"line":200,"column":37},"end":{"line":202,"column":9}},"type":"cond-expr","locations":[{"start":{"line":201,"column":8},"end":{"line":201,"column":49}},{"start":{"line":202,"column":8},"end":{"line":202,"column":9}}]},"12":{"loc":{"start":{"line":238,"column":4},"end":{"line":240,"column":9}},"type":"cond-expr","locations":[{"start":{"line":239,"column":8},"end":{"line":239,"column":40}},{"start":{"line":240,"column":8},"end":{"line":240,"column":9}}]},"13":{"loc":{"start":{"line":261,"column":4},"end":{"line":267,"column":5}},"type":"if","locations":[{"start":{"line":261,"column":4},"end":{"line":267,"column":5}},{"start":{},"end":{}}]},"14":{"loc":{"start":{"line":264,"column":9},"end":{"line":264,"column":33}},"type":"binary-expr","locations":[{"start":{"line":264,"column":9},"end":{"line":264,"column":28}},{"start":{"line":264,"column":32},"end":{"line":264,"column":33}}]},"15":{"loc":{"start":{"line":265,"column":9},"end":{"line":265,"column":40}},"type":"binary-expr","locations":[{"start":{"line":265,"column":9},"end":{"line":265,"column":33}},{"start":{"line":265,"column":37},"end":{"line":265,"column":40}}]},"16":{"loc":{"start":{"line":286,"column":4},"end":{"line":291,"column":5}},"type":"if","locations":[{"start":{"line":286,"column":4},"end":{"line":291,"column":5}},{"start":{},"end":{}}]},"17":{"loc":{"start":{"line":293,"column":4},"end":{"line":296,"column":5}},"type":"if","locations":[{"start":{"line":293,"column":4},"end":{"line":296,"column":5}},{"start":{},"end":{}}]},"18":{"loc":{"start":{"line":315,"column":22},"end":{"line":315,"column":52}},"type":"binary-expr","locations":[{"start":{"line":315,"column":22},"end":{"line":315,"column":41}},{"start":{"line":315,"column":45},"end":{"line":315,"column":52}}]},"19":{"loc":{"start":{"line":316,"column":37},"end":{"line":318,"column":11}},"type":"cond-expr","locations":[{"start":{"line":317,"column":10},"end":{"line":317,"column":50}},{"start":{"line":318,"column":10},"end":{"line":318,"column":11}}]},"20":{"loc":{"start":{"line":331,"column":4},"end":{"line":335,"column":29}},"type":"binary-expr","locations":[{"start":{"line":331,"column":4},"end":{"line":331,"column":30}},{"start":{"line":332,"column":4},"end":{"line":332,"column":34}},{"start":{"line":333,"column":4},"end":{"line":333,"column":29}},{"start":{"line":334,"column":4},"end":{"line":334,"column":31}},{"start":{"line":335,"column":4},"end":{"line":335,"column":29}}]},"21":{"loc":{"start":{"line":337,"column":2},"end":{"line":342,"column":3}},"type":"if","locations":[{"start":{"line":337,"column":2},"end":{"line":342,"column":3}},{"start":{},"end":{}}]},"22":{"loc":{"start":{"line":345,"column":9},"end":{"line":345,"column":59}},"type":"binary-expr","locations":[{"start":{"line":345,"column":9},"end":{"line":345,"column":54}},{"start":{"line":345,"column":58},"end":{"line":345,"column":59}}]},"23":{"loc":{"start":{"line":366,"column":4},"end":{"line":369,"column":5}},"type":"if","locations":[{"start":{"line":366,"column":4},"end":{"line":369,"column":5}},{"start":{},"end":{}}]},"24":{"loc":{"start":{"line":374,"column":2},"end":{"line":376,"column":3}},"type":"if","locations":[{"start":{"line":374,"column":2},"end":{"line":376,"column":3}},{"start":{},"end":{}}]},"25":{"loc":{"start":{"line":394,"column":13},"end":{"line":394,"column":62}},"type":"cond-expr","locations":[{"start":{"line":394,"column":34},"end":{"line":394,"column":36}},{"start":{"line":394,"column":39},"end":{"line":394,"column":62}}]},"26":{"loc":{"start":{"line":394,"column":39},"end":{"line":394,"column":62}},"type":"cond-expr","locations":[{"start":{"line":394,"column":55},"end":{"line":394,"column":57}},{"start":{"line":394,"column":60},"end":{"line":394,"column":62}}]},"27":{"loc":{"start":{"line":400,"column":2},"end":{"line":400,"column":31}},"type":"if","locations":[{"start":{"line":400,"column":2},"end":{"line":400,"column":31}},{"start":{},"end":{}}]},"28":{"loc":{"start":{"line":401,"column":2},"end":{"line":401,"column":30}},"type":"if","locations":[{"start":{"line":401,"column":2},"end":{"line":401,"column":30}},{"start":{},"end":{}}]},"29":{"loc":{"start":{"line":402,"column":2},"end":{"line":402,"column":31}},"type":"if","locations":[{"start":{"line":402,"column":2},"end":{"line":402,"column":31}},{"start":{},"end":{}}]},"30":{"loc":{"start":{"line":403,"column":2},"end":{"line":403,"column":30}},"type":"if","locations":[{"start":{"line":403,"column":2},"end":{"line":403,"column":30}},{"start":{},"end":{}}]},"31":{"loc":{"start":{"line":404,"column":2},"end":{"line":404,"column":30}},"type":"if","locations":[{"start":{"line":404,"column":2},"end":{"line":404,"column":30}},{"start":{},"end":{}}]},"32":{"loc":{"start":{"line":405,"column":2},"end":{"line":405,"column":30}},"type":"if","locations":[{"start":{"line":405,"column":2},"end":{"line":405,"column":30}},{"start":{},"end":{}}]},"33":{"loc":{"start":{"line":412,"column":2},"end":{"line":412,"column":47}},"type":"default-arg","locations":[{"start":{"line":412,"column":37},"end":{"line":412,"column":47}}]},"34":{"loc":{"start":{"line":417,"column":11},"end":{"line":417,"column":62}},"type":"cond-expr","locations":[{"start":{"line":417,"column":52},"end":{"line":417,"column":57}},{"start":{"line":417,"column":60},"end":{"line":417,"column":62}}]},"35":{"loc":{"start":{"line":417,"column":11},"end":{"line":417,"column":49}},"type":"binary-expr","locations":[{"start":{"line":417,"column":11},"end":{"line":417,"column":36}},{"start":{"line":417,"column":40},"end":{"line":417,"column":49}}]},"36":{"loc":{"start":{"line":421,"column":12},"end":{"line":421,"column":30}},"type":"binary-expr","locations":[{"start":{"line":421,"column":12},"end":{"line":421,"column":19}},{"start":{"line":421,"column":23},"end":{"line":421,"column":30}}]},"37":{"loc":{"start":{"line":434,"column":4},"end":{"line":436,"column":9}},"type":"cond-expr","locations":[{"start":{"line":435,"column":8},"end":{"line":435,"column":64}},{"start":{"line":436,"column":8},"end":{"line":436,"column":9}}]},"38":{"loc":{"start":{"line":504,"column":4},"end":{"line":510,"column":54}},"type":"cond-expr","locations":[{"start":{"line":505,"column":8},"end":{"line":505,"column":58}},{"start":{"line":506,"column":8},"end":{"line":510,"column":54}}]},"39":{"loc":{"start":{"line":504,"column":4},"end":{"line":504,"column":35}},"type":"binary-expr","locations":[{"start":{"line":504,"column":4},"end":{"line":504,"column":18}},{"start":{"line":504,"column":22},"end":{"line":504,"column":35}}]},"40":{"loc":{"start":{"line":506,"column":8},"end":{"line":510,"column":54}},"type":"cond-expr","locations":[{"start":{"line":507,"column":10},"end":{"line":507,"column":49}},{"start":{"line":508,"column":10},"end":{"line":510,"column":54}}]},"41":{"loc":{"start":{"line":506,"column":8},"end":{"line":506,"column":39}},"type":"binary-expr","locations":[{"start":{"line":506,"column":8},"end":{"line":506,"column":22}},{"start":{"line":506,"column":26},"end":{"line":506,"column":39}}]},"42":{"loc":{"start":{"line":508,"column":10},"end":{"line":510,"column":54}},"type":"cond-expr","locations":[{"start":{"line":509,"column":12},"end":{"line":509,"column":65}},{"start":{"line":510,"column":12},"end":{"line":510,"column":54}}]}},"s":{"0":1,"1":1,"2":1,"3":1,"4":1,"5":1,"6":1,"7":1,"8":1,"9":1,"10":1,"11":1,"12":38,"13":0,"14":38,"15":0,"16":38,"17":1,"18":142,"19":19,"20":19,"21":19,"22":19,"23":19,"24":19,"25":19,"26":71,"27":71,"28":19,"29":71,"30":71,"31":19,"32":71,"33":71,"34":42,"35":71,"36":57,"37":14,"38":14,"39":14,"40":14,"41":14,"42":14,"43":14,"44":14,"45":19,"46":71,"47":19,"48":19,"49":19,"50":19,"51":19,"52":19,"53":19,"54":9,"55":19,"56":19,"57":19,"58":19,"59":19,"60":19,"61":19,"62":19,"63":19,"64":19,"65":19,"66":19,"67":71,"68":19,"69":71,"70":71,"71":71,"72":3,"73":3,"74":3,"75":71,"76":19,"77":1,"78":19,"79":19,"80":19,"81":19,"82":19,"83":19,"84":19,"85":19,"86":3,"87":19,"88":0,"89":0,"90":0,"91":19,"92":14,"93":19,"94":5,"95":5,"96":15,"97":15,"98":19,"99":1,"100":0,"101":0,"102":1,"103":1,"104":1,"105":0,"106":19,"107":1,"108":1,"109":1,"110":1,"111":19,"112":71,"113":71,"114":71,"115":19,"116":19,"117":19,"118":7,"119":24,"120":7,"121":19,"122":19,"123":19,"124":19,"125":19,"126":1,"127":19,"128":1,"129":0,"130":0,"131":1,"132":19,"133":0,"134":19,"135":5,"136":19,"137":19,"138":19,"139":19,"140":19,"141":19,"142":0,"143":19,"144":0,"145":19,"146":4,"147":15,"148":5,"149":10,"150":0,"151":10,"152":10,"153":0,"154":19,"155":19,"156":71,"157":71,"158":19,"159":71,"160":71,"161":19,"162":19,"163":19,"164":1,"165":19,"166":19,"167":19,"168":5,"169":19,"170":19,"171":3,"172":19,"173":19,"174":1,"175":19,"176":19,"177":19,"178":19,"179":19,"180":19,"181":19,"182":19,"183":19,"184":19,"185":19,"186":19,"187":19,"188":19},"f":{"0":38,"1":142,"2":19,"3":71,"4":71,"5":71,"6":42,"7":14,"8":71,"9":19,"10":19,"11":19,"12":19,"13":19,"14":71,"15":71,"16":3,"17":1,"18":19,"19":3,"20":0,"21":14,"22":5,"23":15,"24":1,"25":1,"26":71,"27":24,"28":19,"29":1,"30":1,"31":5,"32":19,"33":19,"34":71,"35":71,"36":1,"37":5,"38":3,"39":1},"b":{"0":[0,38],"1":[0,38],"2":[142,130],"3":[71,0],"4":[71,71],"5":[71,0],"6":[42,18],"7":[57,14],"8":[9,10],"9":[71,0,0],"10":[71,0],"11":[9,62],"12":[2,17],"13":[0,0],"14":[0,0],"15":[0,0],"16":[0,1],"17":[1,0],"18":[71,0],"19":[9,62],"20":[19,16,16,13,13],"21":[7,12],"22":[19,0],"23":[0,1],"24":[0,19],"25":[10,9],"26":[1,8],"27":[0,19],"28":[0,19],"29":[4,15],"30":[5,10],"31":[0,10],"32":[10,0],"33":[15],"34":[71,0],"35":[71,71],"36":[71,0],"37":[10,9],"38":[0,19],"39":[19,19],"40":[9,10],"41":[19,15],"42":[0,10]}}
,"C:\\Users\\User\\OneDrive\\Documents\\TakeHomeAssignment\\festival\\src\\logic\\StageTiers.ts": {"path":"C:\\Users\\User\\OneDrive\\Documents\\TakeHomeAssignment\\festival\\src\\logic\\StageTiers.ts","statementMap":{"0":{"start":{"line":57,"column":0},"end":{"line":57,"column":16}},"1":{"start":{"line":68,"column":0},"end":{"line":68,"column":16}},"2":{"start":{"line":99,"column":0},"end":{"line":99,"column":16}},"3":{"start":{"line":112,"column":0},"end":{"line":112,"column":16}},"4":{"start":{"line":18,"column":13},"end":{"line":49,"column":2}},"5":{"start":{"line":52,"column":13},"end":{"line":52,"column":47}},"6":{"start":{"line":58,"column":2},"end":{"line":58,"column":29}},"7":{"start":{"line":72,"column":27},"end":{"line":72,"column":33}},"8":{"start":{"line":73,"column":28},"end":{"line":73,"column":32}},"9":{"start":{"line":77,"column":4},"end":{"line":77,"column":59}},"10":{"start":{"line":80,"column":27},"end":{"line":80,"column":70}},"11":{"start":{"line":82,"column":19},"end":{"line":82,"column":68}},"12":{"start":{"line":83,"column":20},"end":{"line":83,"column":47}},"13":{"start":{"line":85,"column":2},"end":{"line":88,"column":4}},"14":{"start":{"line":105,"column":23},"end":{"line":105,"column":75}},"15":{"start":{"line":106,"column":2},"end":{"line":106,"column":34}},"16":{"start":{"line":113,"column":15},"end":{"line":113,"column":34}},"17":{"start":{"line":114,"column":2},"end":{"line":121,"column":4}}},"fnMap":{"0":{"name":"getTierById","decl":{"start":{"line":57,"column":16},"end":{"line":57,"column":27}},"loc":{"start":{"line":57,"column":49},"end":{"line":59,"column":1}}},"1":{"name":"calculateElectricityStats","decl":{"start":{"line":68,"column":16},"end":{"line":68,"column":41}},"loc":{"start":{"line":70,"column":21},"end":{"line":89,"column":1}}},"2":{"name":"calculateStaffingCost","decl":{"start":{"line":99,"column":16},"end":{"line":99,"column":37}},"loc":{"start":{"line":103,"column":19},"end":{"line":107,"column":1}}},"3":{"name":"getStageFormDefaults","decl":{"start":{"line":112,"column":16},"end":{"line":112,"column":36}},"loc":{"start":{"line":112,"column":58},"end":{"line":122,"column":1}}}},"branchMap":{},"s":{"0":1,"1":1,"2":1,"3":1,"4":1,"5":1,"6":0,"7":1,"8":1,"9":1,"10":1,"11":1,"12":1,"13":1,"14":0,"15":0,"16":0,"17":0},"f":{"0":0,"1":1,"2":0,"3":0},"b":{}}
}
