TN:
SF:src\logic\Simulation.ts
FN:45,getEventSizeTier
FN:59,isAdverseWeather
FN:64,calculateAttendance
FN:78,(anonymous_3)
FN:85,(anonymous_4)
FN:90,(anonymous_5)
FN:93,(anonymous_6)
FN:98,(anonymous_7)
FN:120,(anonymous_8)
FN:131,calculateToiletWaitTime
FN:141,calculateCrowdSatisfaction
FN:156,calculateSecurityIncidents
FN:166,calculateSafetyRating
FN:181,calculateRevenue
FN:192,(anonymous_14)
FN:198,(anonymous_15)
FN:204,(anonymous_16)
FN:216,(anonymous_17)
FN:224,calculateOPEX
FN:244,(anonymous_19)
FN:254,(anonymous_20)
FN:271,(anonymous_21)
FN:276,(anonymous_22)
FN:278,(anonymous_23)
FN:285,(anonymous_24)
FN:302,(anonymous_25)
FN:314,(anonymous_26)
FN:339,(anonymous_27)
FN:357,calculateCAPEX
FN:361,(anonymous_29)
FN:365,(anonymous_30)
FN:379,(anonymous_31)
FN:387,assignGrade
FN:409,simulateFestival
FN:415,(anonymous_34)
FN:419,(anonymous_35)
FN:429,(anonymous_36)
FN:439,(anonymous_37)
FN:442,(anonymous_38)
FN:446,(anonymous_39)
FNF:40
FNH:39
FNDA:38,getEventSizeTier
FNDA:142,isAdverseWeather
FNDA:19,calculateAttendance
FNDA:71,(anonymous_3)
FNDA:71,(anonymous_4)
FNDA:71,(anonymous_5)
FNDA:42,(anonymous_6)
FNDA:14,(anonymous_7)
FNDA:71,(anonymous_8)
FNDA:19,calculateToiletWaitTime
FNDA:19,calculateCrowdSatisfaction
FNDA:19,calculateSecurityIncidents
FNDA:19,calculateSafetyRating
FNDA:19,calculateRevenue
FNDA:71,(anonymous_14)
FNDA:71,(anonymous_15)
FNDA:3,(anonymous_16)
FNDA:1,(anonymous_17)
FNDA:19,calculateOPEX
FNDA:3,(anonymous_19)
FNDA:0,(anonymous_20)
FNDA:14,(anonymous_21)
FNDA:5,(anonymous_22)
FNDA:15,(anonymous_23)
FNDA:1,(anonymous_24)
FNDA:1,(anonymous_25)
FNDA:71,(anonymous_26)
FNDA:24,(anonymous_27)
FNDA:19,calculateCAPEX
FNDA:1,(anonymous_29)
FNDA:1,(anonymous_30)
FNDA:5,(anonymous_31)
FNDA:19,assignGrade
FNDA:19,simulateFestival
FNDA:71,(anonymous_34)
FNDA:71,(anonymous_35)
FNDA:1,(anonymous_36)
FNDA:5,(anonymous_37)
FNDA:3,(anonymous_38)
FNDA:1,(anonymous_39)
DA:8,1
DA:12,1
DA:18,1
DA:27,1
DA:33,1
DA:34,1
DA:39,1
DA:40,1
DA:41,1
DA:42,1
DA:43,1
DA:46,38
DA:47,38
DA:48,38
DA:52,1
DA:60,142
DA:68,19
DA:69,19
DA:70,19
DA:71,19
DA:72,19
DA:76,19
DA:78,19
DA:79,71
DA:80,71
DA:85,19
DA:86,71
DA:87,71
DA:90,19
DA:91,71
DA:92,71
DA:93,42
DA:96,71
DA:98,14
DA:99,14
DA:101,14
DA:102,14
DA:103,14
DA:108,14
DA:116,14
DA:119,19
DA:120,71
DA:124,19
DA:135,19
DA:137,19
DA:147,19
DA:148,19
DA:149,19
DA:150,19
DA:151,19
DA:152,19
DA:160,19
DA:161,19
DA:162,19
DA:172,19
DA:173,19
DA:174,19
DA:175,19
DA:176,19
DA:177,19
DA:191,19
DA:193,71
DA:198,19
DA:199,71
DA:200,71
DA:204,71
DA:205,3
DA:206,3
DA:207,3
DA:212,71
DA:215,19
DA:216,1
DA:220,19
DA:232,19
DA:233,19
DA:234,19
DA:236,19
DA:238,19
DA:241,19
DA:244,19
DA:245,3
DA:254,19
DA:255,0
DA:261,0
DA:262,0
DA:271,19
DA:272,14
DA:276,19
DA:277,5
DA:278,5
DA:279,15
DA:280,15
DA:285,19
DA:286,1
DA:287,0
DA:290,0
DA:293,1
DA:294,1
DA:295,1
DA:298,0
DA:302,19
DA:303,1
DA:308,1
DA:309,1
DA:310,1
DA:313,19
DA:315,71
DA:316,71
DA:320,71
DA:327,19
DA:331,19
DA:337,19
DA:339,24
DA:341,7
DA:345,19
DA:347,19
DA:358,19
DA:359,19
DA:361,19
DA:362,1
DA:365,19
DA:366,1
DA:367,0
DA:368,0
DA:371,1
DA:374,19
DA:375,0
DA:379,19
DA:380,5
DA:383,19
DA:392,19
DA:396,19
DA:397,19
DA:398,19
DA:400,19
DA:401,19
DA:402,19
DA:403,15
DA:404,10
DA:405,10
DA:406,0
DA:409,1
DA:414,19
DA:415,19
DA:416,71
DA:417,71
DA:419,19
DA:420,71
DA:421,71
DA:426,19
DA:427,19
DA:428,19
DA:429,1
DA:432,19
DA:434,19
DA:439,19
DA:440,19
DA:442,19
DA:443,19
DA:446,19
DA:448,19
DA:455,19
DA:460,19
DA:468,19
DA:474,19
DA:480,19
DA:489,19
DA:491,19
DA:492,19
DA:498,19
DA:500,19
DA:502,19
DA:504,19
DA:512,19
LF:174
LH:164
BRDA:46,0,0,0
BRDA:46,0,1,38
BRDA:47,1,0,0
BRDA:47,1,1,38
BRDA:60,2,0,142
BRDA:60,2,1,130
BRDA:80,3,0,71
BRDA:80,3,1,0
BRDA:80,4,0,71
BRDA:80,4,1,71
BRDA:87,5,0,71
BRDA:87,5,1,0
BRDA:93,6,0,42
BRDA:93,6,1,18
BRDA:96,7,0,57
BRDA:96,7,1,14
BRDA:150,8,0,9
BRDA:150,8,1,10
BRDA:194,9,0,71
BRDA:194,9,1,0
BRDA:194,9,2,0
BRDA:199,10,0,71
BRDA:199,10,1,0
BRDA:200,11,0,9
BRDA:200,11,1,62
BRDA:238,12,0,2
BRDA:238,12,1,17
BRDA:261,13,0,0
BRDA:261,13,1,0
BRDA:264,14,0,0
BRDA:264,14,1,0
BRDA:265,15,0,0
BRDA:265,15,1,0
BRDA:286,16,0,0
BRDA:286,16,1,1
BRDA:293,17,0,1
BRDA:293,17,1,0
BRDA:315,18,0,71
BRDA:315,18,1,0
BRDA:316,19,0,9
BRDA:316,19,1,62
BRDA:331,20,0,19
BRDA:331,20,1,16
BRDA:331,20,2,16
BRDA:331,20,3,13
BRDA:331,20,4,13
BRDA:337,21,0,7
BRDA:337,21,1,12
BRDA:345,22,0,19
BRDA:345,22,1,0
BRDA:366,23,0,0
BRDA:366,23,1,1
BRDA:374,24,0,0
BRDA:374,24,1,19
BRDA:394,25,0,10
BRDA:394,25,1,9
BRDA:394,26,0,1
BRDA:394,26,1,8
BRDA:400,27,0,0
BRDA:400,27,1,19
BRDA:401,28,0,0
BRDA:401,28,1,19
BRDA:402,29,0,4
BRDA:402,29,1,15
BRDA:403,30,0,5
BRDA:403,30,1,10
BRDA:404,31,0,0
BRDA:404,31,1,10
BRDA:405,32,0,10
BRDA:405,32,1,0
BRDA:412,33,0,15
BRDA:417,34,0,71
BRDA:417,34,1,0
BRDA:417,35,0,71
BRDA:417,35,1,71
BRDA:421,36,0,71
BRDA:421,36,1,0
BRDA:434,37,0,10
BRDA:434,37,1,9
BRDA:504,38,0,0
BRDA:504,38,1,19
BRDA:504,39,0,19
BRDA:504,39,1,19
BRDA:506,40,0,9
BRDA:506,40,1,10
BRDA:506,41,0,19
BRDA:506,41,1,15
BRDA:508,42,0,0
BRDA:508,42,1,10
BRF:89
BRH:62
end_of_record
TN:
SF:src\logic\StageTiers.ts
FN:57,getTierById
FN:68,calculateElectricityStats
FN:99,calculateStaffingCost
FN:112,getStageFormDefaults
FNF:4
FNH:1
FNDA:0,getTierById
FNDA:1,calculateElectricityStats
FNDA:0,calculateStaffingCost
FNDA:0,getStageFormDefaults
DA:18,1
DA:52,1
DA:57,1
DA:58,0
DA:68,1
DA:72,1
DA:73,1
DA:77,1
DA:80,1
DA:82,1
DA:83,1
DA:85,1
DA:99,1
DA:105,0
DA:106,0
DA:112,1
DA:113,0
DA:114,0
LF:18
LH:13
BRF:0
BRH:0
end_of_record
